<?xml version="1.0" encoding="UTF-8"?>
<testng-results ignored="0" total="1" passed="1" failed="0" skipped="0">
  <reporter-output>
  </reporter-output>
  <suite started-at="2022-06-06T11:27:05 IST" name="Suite" finished-at="2022-06-06T11:27:22 IST" duration-ms="17057">
    <groups>
    </groups>
    <test started-at="2022-06-06T11:27:05 IST" name="Test" finished-at="2022-06-06T11:27:22 IST" duration-ms="17057">
      <class name="TestCases.SignUpPageTestCase">
        <test-method is-config="true" signature="launchDriver()[pri:0, instance:TestCases.SignUpPageTestCase@43195e57]" started-at="2022-06-06T11:27:05 IST" name="launchDriver" finished-at="2022-06-06T11:27:21 IST" duration-ms="15962" status="PASS">
          <reporter-output>
          </reporter-output>
        </test-method> <!-- launchDriver -->
        <test-method signature="launchURL()[pri:0, instance:TestCases.SignUpPageTestCase@43195e57]" started-at="2022-06-06T11:27:21 IST" name="launchURL" finished-at="2022-06-06T11:27:22 IST" duration-ms="930" status="PASS">
          <reporter-output>
          </reporter-output>
        </test-method> <!-- launchURL -->
        <test-method is-config="true" signature="closedriver()[pri:0, instance:TestCases.SignUpPageTestCase@43195e57]" started-at="2022-06-06T11:27:22 IST" name="closedriver" finished-at="2022-06-06T11:27:22 IST" duration-ms="141" status="PASS">
          <reporter-output>
          </reporter-output>
        </test-method> <!-- closedriver -->
      </class> <!-- TestCases.SignUpPageTestCase -->
    </test> <!-- Test -->
  </suite> <!-- Suite -->
</testng-results>
