<?xml version="1.0" encoding="UTF-8"?>
<!-- Generated by org.testng.reporters.JUnitXMLReporter -->
<testsuite ignored="0" hostname="PL2INPUN2850NB" failures="0" tests="3" name="Default test" time="0.035" errors="0" timestamp="2022-06-09T14:57:37 IST">
  <testcase classname="TestNG.GroupsDemo" name="method1" time="0.007"/>
  <testcase classname="TestNG.GroupsDemo" name="method2" time="0.001"/>
  <testcase classname="TestNG.GroupsDemo" name="method3" time="0.001"/>
</testsuite> <!-- Default test -->
