<?xml version="1.0" encoding="UTF-8"?>
<testng-results ignored="0" total="1" passed="1" failed="0" skipped="0">
  <reporter-output>
  </reporter-output>
  <suite started-at="2022-06-09T15:00:53 IST" name="Suite" finished-at="2022-06-09T15:00:53 IST" duration-ms="31">
    <groups>
    </groups>
    <test started-at="2022-06-09T15:00:53 IST" name="Test" finished-at="2022-06-09T15:00:53 IST" duration-ms="31">
      <class name="Demo1.parameterizationDemo">
        <test-method signature="method1(java.lang.String)[pri:0, instance:Demo1.parameterizationDemo@7ee955a8]" started-at="2022-06-09T15:00:53 IST" name="method1" finished-at="2022-06-09T15:00:53 IST" duration-ms="7" status="PASS">
          <params>
            <param index="0">
              <value>
                <![CDATA[Rahul]]>
              </value>
            </param>
          </params>
          <reporter-output>
          </reporter-output>
        </test-method> <!-- method1 -->
      </class> <!-- Demo1.parameterizationDemo -->
    </test> <!-- Test -->
  </suite> <!-- Suite -->
</testng-results>
